<?xml version="1.0" encoding="UTF-8"?>
<coverage generated="1585425820011" clover="3.2.0">
  <project timestamp="1585425820012" name="All files">
    <metrics statements="64" coveredstatements="23" conditionals="18" coveredconditionals="2" methods="27" coveredmethods="7" elements="109" coveredelements="32" complexity="0" loc="64" ncloc="64" packages="8" files="8" classes="8"/>
    <package name="components.Editor">
      <metrics statements="25" coveredstatements="9" conditionals="8" coveredconditionals="0" methods="6" coveredmethods="2"/>
      <file name="Editor.tsx" path="C:\Users\vladv\Documents\apps\awesome-web-editor\src\components\Editor\Editor.tsx">
        <metrics statements="25" coveredstatements="9" conditionals="8" coveredconditionals="0" methods="6" coveredmethods="2"/>
        <line num="12" count="1" type="stmt"/>
        <line num="13" count="1" type="stmt"/>
        <line num="14" count="1" type="stmt"/>
        <line num="16" count="1" type="stmt"/>
        <line num="17" count="1" type="stmt"/>
        <line num="19" count="1" type="stmt"/>
        <line num="20" count="0" type="cond" truecount="0" falsecount="2"/>
        <line num="22" count="0" type="stmt"/>
        <line num="24" count="0" type="stmt"/>
        <line num="29" count="1" type="stmt"/>
        <line num="30" count="0" type="stmt"/>
        <line num="33" count="1" type="stmt"/>
        <line num="34" count="0" type="cond" truecount="0" falsecount="2"/>
        <line num="35" count="0" type="cond" truecount="0" falsecount="3"/>
        <line num="37" count="0" type="stmt"/>
        <line num="38" count="0" type="stmt"/>
        <line num="41" count="0" type="stmt"/>
        <line num="42" count="0" type="stmt"/>
        <line num="45" count="0" type="stmt"/>
        <line num="46" count="0" type="stmt"/>
        <line num="50" count="0" type="cond" truecount="0" falsecount="1"/>
        <line num="52" count="0" type="stmt"/>
        <line num="53" count="0" type="stmt"/>
        <line num="59" count="1" type="stmt"/>
        <line num="64" count="0" type="stmt"/>
      </file>
    </package>
    <package name="components.Editor.CustomEditor">
      <metrics statements="23" coveredstatements="1" conditionals="6" coveredconditionals="0" methods="13" coveredmethods="0"/>
      <file name="CustomEditor.tsx" path="C:\Users\vladv\Documents\apps\awesome-web-editor\src\components\Editor\CustomEditor\CustomEditor.tsx">
        <metrics statements="23" coveredstatements="1" conditionals="6" coveredconditionals="0" methods="13" coveredmethods="0"/>
        <line num="6" count="1" type="stmt"/>
        <line num="10" count="0" type="stmt"/>
        <line num="11" count="0" type="stmt"/>
        <line num="15" count="0" type="stmt"/>
        <line num="19" count="0" type="stmt"/>
        <line num="20" count="0" type="stmt"/>
        <line num="24" count="0" type="stmt"/>
        <line num="28" count="0" type="stmt"/>
        <line num="29" count="0" type="stmt"/>
        <line num="32" count="0" type="stmt"/>
        <line num="39" count="0" type="stmt"/>
        <line num="40" count="0" type="stmt"/>
        <line num="41" count="0" type="stmt"/>
        <line num="44" count="0" type="stmt"/>
        <line num="52" count="0" type="stmt"/>
        <line num="53" count="0" type="stmt"/>
        <line num="54" count="0" type="stmt"/>
        <line num="57" count="0" type="stmt"/>
        <line num="65" count="0" type="stmt"/>
        <line num="66" count="0" type="stmt"/>
        <line num="67" count="0" type="stmt"/>
        <line num="70" count="0" type="stmt"/>
        <line num="75" count="0" type="stmt"/>
      </file>
    </package>
    <package name="components.Editor.Elements">
      <metrics statements="4" coveredstatements="4" conditionals="0" coveredconditionals="0" methods="2" coveredmethods="2"/>
      <file name="Elements.tsx" path="C:\Users\vladv\Documents\apps\awesome-web-editor\src\components\Editor\Elements\Elements.tsx">
        <metrics statements="4" coveredstatements="4" conditionals="0" coveredconditionals="0" methods="2" coveredmethods="2"/>
        <line num="3" count="1" type="stmt"/>
        <line num="4" count="1" type="stmt"/>
        <line num="7" count="1" type="stmt"/>
        <line num="8" count="1" type="stmt"/>
      </file>
    </package>
    <package name="components.Editor.Leaf">
      <metrics statements="4" coveredstatements="4" conditionals="4" coveredconditionals="2" methods="1" coveredmethods="1"/>
      <file name="Leaf.tsx" path="C:\Users\vladv\Documents\apps\awesome-web-editor\src\components\Editor\Leaf\Leaf.tsx">
        <metrics statements="4" coveredstatements="4" conditionals="4" coveredconditionals="2" methods="1" coveredmethods="1"/>
        <line num="3" count="2" type="stmt"/>
        <line num="4" count="2" type="cond" truecount="1" falsecount="1"/>
        <line num="5" count="2" type="cond" truecount="1" falsecount="1"/>
        <line num="6" count="2" type="stmt"/>
      </file>
    </package>
    <package name="components.Editor.Toolbar">
      <metrics statements="5" coveredstatements="2" conditionals="0" coveredconditionals="0" methods="4" coveredmethods="1"/>
      <file name="Toolbar.tsx" path="C:\Users\vladv\Documents\apps\awesome-web-editor\src\components\Editor\Toolbar\Toolbar.tsx">
        <metrics statements="5" coveredstatements="2" conditionals="0" coveredconditionals="0" methods="4" coveredmethods="1"/>
        <line num="10" count="1" type="stmt"/>
        <line num="11" count="1" type="stmt"/>
        <line num="14" count="0" type="stmt"/>
        <line num="18" count="0" type="stmt"/>
        <line num="22" count="0" type="stmt"/>
      </file>
    </package>
    <package name="components.InfoBar">
      <metrics statements="2" coveredstatements="2" conditionals="0" coveredconditionals="0" methods="1" coveredmethods="1"/>
      <file name="InfoBar.tsx" path="C:\Users\vladv\Documents\apps\awesome-web-editor\src\components\InfoBar\InfoBar.tsx">
        <metrics statements="2" coveredstatements="2" conditionals="0" coveredconditionals="0" methods="1" coveredmethods="1"/>
        <line num="3" count="1" type="stmt"/>
        <line num="4" count="1" type="stmt"/>
      </file>
    </package>
    <package name="data.enums">
      <metrics statements="0" coveredstatements="0" conditionals="0" coveredconditionals="0" methods="0" coveredmethods="0"/>
      <file name="enums.ts" path="C:\Users\vladv\Documents\apps\awesome-web-editor\src\data\enums\enums.ts">
        <metrics statements="0" coveredstatements="0" conditionals="0" coveredconditionals="0" methods="0" coveredmethods="0"/>
      </file>
    </package>
    <package name="data.slateValue">
      <metrics statements="1" coveredstatements="1" conditionals="0" coveredconditionals="0" methods="0" coveredmethods="0"/>
      <file name="slateInitValue.ts" path="C:\Users\vladv\Documents\apps\awesome-web-editor\src\data\slateValue\slateInitValue.ts">
        <metrics statements="1" coveredstatements="1" conditionals="0" coveredconditionals="0" methods="0" coveredmethods="0"/>
        <line num="1" count="1" type="stmt"/>
      </file>
    </package>
  </project>
</coverage>
