{"C:\\Users\\vladv\\Documents\\apps\\awesome-web-editor\\src\\components\\Editor\\Editor.tsx": {"path":"C:\\Users\\vladv\\Documents\\apps\\awesome-web-editor\\src\\components\\Editor\\Editor.tsx","statementMap":{"0":{"start":{"line":12,"column":32},"end":{"line":76,"column":1}},"1":{"start":{"line":13,"column":19},"end":{"line":13,"column":63}},"2":{"start":{"line":13,"column":33},"end":{"line":13,"column":58}},"3":{"start":{"line":14,"column":30},"end":{"line":14,"column":52}},"4":{"start":{"line":16,"column":22},"end":{"line":16,"column":49}},"5":{"start":{"line":17,"column":22},"end":{"line":17,"column":34}},"6":{"start":{"line":19,"column":26},"end":{"line":26,"column":10}},"7":{"start":{"line":20,"column":8},"end":{"line":25,"column":9}},"8":{"start":{"line":22,"column":12},"end":{"line":22,"column":45}},"9":{"start":{"line":24,"column":12},"end":{"line":24,"column":48}},"10":{"start":{"line":29,"column":23},"end":{"line":31,"column":10}},"11":{"start":{"line":30,"column":8},"end":{"line":30,"column":34}},"12":{"start":{"line":33,"column":31},"end":{"line":57,"column":5}},"13":{"start":{"line":34,"column":8},"end":{"line":56,"column":9}},"14":{"start":{"line":35,"column":12},"end":{"line":48,"column":13}},"15":{"start":{"line":37,"column":20},"end":{"line":37,"column":64}},"16":{"start":{"line":38,"column":20},"end":{"line":38,"column":26}},"17":{"start":{"line":41,"column":20},"end":{"line":41,"column":63}},"18":{"start":{"line":42,"column":20},"end":{"line":42,"column":26}},"19":{"start":{"line":45,"column":20},"end":{"line":45,"column":65}},"20":{"start":{"line":46,"column":20},"end":{"line":46,"column":26}},"21":{"start":{"line":50,"column":12},"end":{"line":55,"column":13}},"22":{"start":{"line":52,"column":20},"end":{"line":52,"column":43}},"23":{"start":{"line":53,"column":20},"end":{"line":53,"column":51}},"24":{"start":{"line":59,"column":4},"end":{"line":75,"column":6}},"25":{"start":{"line":64,"column":35},"end":{"line":64,"column":61}}},"fnMap":{"0":{"name":"(anonymous_0)","decl":{"start":{"line":12,"column":32},"end":{"line":12,"column":33}},"loc":{"start":{"line":12,"column":38},"end":{"line":76,"column":1}},"line":12},"1":{"name":"(anonymous_1)","decl":{"start":{"line":13,"column":27},"end":{"line":13,"column":28}},"loc":{"start":{"line":13,"column":33},"end":{"line":13,"column":58}},"line":13},"2":{"name":"(anonymous_2)","decl":{"start":{"line":19,"column":38},"end":{"line":19,"column":39}},"loc":{"start":{"line":19,"column":54},"end":{"line":26,"column":5}},"line":19},"3":{"name":"(anonymous_3)","decl":{"start":{"line":29,"column":35},"end":{"line":29,"column":36}},"loc":{"start":{"line":29,"column":44},"end":{"line":31,"column":5}},"line":29},"4":{"name":"(anonymous_4)","decl":{"start":{"line":33,"column":31},"end":{"line":33,"column":32}},"loc":{"start":{"line":33,"column":79},"end":{"line":57,"column":5}},"line":33},"5":{"name":"(anonymous_5)","decl":{"start":{"line":64,"column":26},"end":{"line":64,"column":27}},"loc":{"start":{"line":64,"column":35},"end":{"line":64,"column":61}},"line":64}},"branchMap":{"0":{"loc":{"start":{"line":20,"column":8},"end":{"line":25,"column":9}},"type":"switch","locations":[{"start":{"line":21,"column":10},"end":{"line":22,"column":45}},{"start":{"line":23,"column":10},"end":{"line":24,"column":48}}],"line":20},"1":{"loc":{"start":{"line":34,"column":8},"end":{"line":56,"column":9}},"type":"if","locations":[{"start":{"line":34,"column":8},"end":{"line":56,"column":9}},{"start":{"line":34,"column":8},"end":{"line":56,"column":9}}],"line":34},"2":{"loc":{"start":{"line":35,"column":12},"end":{"line":48,"column":13}},"type":"switch","locations":[{"start":{"line":36,"column":16},"end":{"line":39,"column":17}},{"start":{"line":40,"column":16},"end":{"line":43,"column":17}},{"start":{"line":44,"column":16},"end":{"line":47,"column":17}}],"line":35},"3":{"loc":{"start":{"line":50,"column":12},"end":{"line":55,"column":13}},"type":"switch","locations":[{"start":{"line":51,"column":16},"end":{"line":54,"column":17}}],"line":50}},"s":{"0":1,"1":1,"2":1,"3":1,"4":1,"5":1,"6":1,"7":0,"8":0,"9":0,"10":1,"11":0,"12":1,"13":0,"14":0,"15":0,"16":0,"17":0,"18":0,"19":0,"20":0,"21":0,"22":0,"23":0,"24":1,"25":0},"f":{"0":1,"1":1,"2":0,"3":0,"4":0,"5":0},"b":{"0":[0,0],"1":[0,0],"2":[0,0,0],"3":[0]},"_coverageSchema":"1a1c01bbd47fc00a2c39e90264f33305004495a9","hash":"34db094e65ffa4e5c50af926a2aaf7a7ae5adf1b"}
,"C:\\Users\\vladv\\Documents\\apps\\awesome-web-editor\\src\\components\\Editor\\CustomEditor\\CustomEditor.tsx": {"path":"C:\\Users\\vladv\\Documents\\apps\\awesome-web-editor\\src\\components\\Editor\\CustomEditor\\CustomEditor.tsx","statementMap":{"0":{"start":{"line":6,"column":21},"end":{"line":77,"column":1}},"1":{"start":{"line":10,"column":24},"end":{"line":13,"column":10}},"2":{"start":{"line":11,"column":24},"end":{"line":11,"column":39}},"3":{"start":{"line":15,"column":8},"end":{"line":15,"column":23}},"4":{"start":{"line":19,"column":24},"end":{"line":22,"column":10}},"5":{"start":{"line":20,"column":24},"end":{"line":20,"column":41}},"6":{"start":{"line":24,"column":8},"end":{"line":24,"column":23}},"7":{"start":{"line":28,"column":24},"end":{"line":30,"column":10}},"8":{"start":{"line":29,"column":24},"end":{"line":29,"column":48}},"9":{"start":{"line":32,"column":8},"end":{"line":32,"column":23}},"10":{"start":{"line":39,"column":8},"end":{"line":39,"column":31}},"11":{"start":{"line":40,"column":25},"end":{"line":40,"column":54}},"12":{"start":{"line":41,"column":8},"end":{"line":45,"column":10}},"13":{"start":{"line":44,"column":26},"end":{"line":44,"column":40}},"14":{"start":{"line":52,"column":8},"end":{"line":52,"column":31}},"15":{"start":{"line":53,"column":25},"end":{"line":53,"column":56}},"16":{"start":{"line":54,"column":8},"end":{"line":58,"column":10}},"17":{"start":{"line":57,"column":26},"end":{"line":57,"column":40}},"18":{"start":{"line":65,"column":8},"end":{"line":65,"column":31}},"19":{"start":{"line":66,"column":25},"end":{"line":66,"column":55}},"20":{"start":{"line":67,"column":8},"end":{"line":71,"column":10}},"21":{"start":{"line":70,"column":26},"end":{"line":70,"column":51}},"22":{"start":{"line":75,"column":8},"end":{"line":75,"column":45}}},"fnMap":{"0":{"name":"(anonymous_0)","decl":{"start":{"line":9,"column":4},"end":{"line":9,"column":5}},"loc":{"start":{"line":9,"column":51},"end":{"line":16,"column":5}},"line":9},"1":{"name":"(anonymous_1)","decl":{"start":{"line":11,"column":19},"end":{"line":11,"column":20}},"loc":{"start":{"line":11,"column":24},"end":{"line":11,"column":39}},"line":11},"2":{"name":"(anonymous_2)","decl":{"start":{"line":18,"column":4},"end":{"line":18,"column":5}},"loc":{"start":{"line":18,"column":53},"end":{"line":25,"column":5}},"line":18},"3":{"name":"(anonymous_3)","decl":{"start":{"line":20,"column":19},"end":{"line":20,"column":20}},"loc":{"start":{"line":20,"column":24},"end":{"line":20,"column":41}},"line":20},"4":{"name":"(anonymous_4)","decl":{"start":{"line":27,"column":4},"end":{"line":27,"column":5}},"loc":{"start":{"line":27,"column":52},"end":{"line":33,"column":5}},"line":27},"5":{"name":"(anonymous_5)","decl":{"start":{"line":29,"column":19},"end":{"line":29,"column":20}},"loc":{"start":{"line":29,"column":24},"end":{"line":29,"column":48}},"line":29},"6":{"name":"(anonymous_6)","decl":{"start":{"line":35,"column":4},"end":{"line":35,"column":5}},"loc":{"start":{"line":38,"column":6},"end":{"line":46,"column":5}},"line":38},"7":{"name":"(anonymous_7)","decl":{"start":{"line":44,"column":21},"end":{"line":44,"column":22}},"loc":{"start":{"line":44,"column":26},"end":{"line":44,"column":40}},"line":44},"8":{"name":"(anonymous_8)","decl":{"start":{"line":48,"column":4},"end":{"line":48,"column":5}},"loc":{"start":{"line":51,"column":6},"end":{"line":59,"column":5}},"line":51},"9":{"name":"(anonymous_9)","decl":{"start":{"line":57,"column":21},"end":{"line":57,"column":22}},"loc":{"start":{"line":57,"column":26},"end":{"line":57,"column":40}},"line":57},"10":{"name":"(anonymous_10)","decl":{"start":{"line":61,"column":4},"end":{"line":61,"column":5}},"loc":{"start":{"line":64,"column":6},"end":{"line":72,"column":5}},"line":64},"11":{"name":"(anonymous_11)","decl":{"start":{"line":70,"column":21},"end":{"line":70,"column":22}},"loc":{"start":{"line":70,"column":26},"end":{"line":70,"column":51}},"line":70},"12":{"name":"(anonymous_12)","decl":{"start":{"line":74,"column":4},"end":{"line":74,"column":5}},"loc":{"start":{"line":74,"column":44},"end":{"line":76,"column":5}},"line":74}},"branchMap":{"0":{"loc":{"start":{"line":43,"column":20},"end":{"line":43,"column":42}},"type":"cond-expr","locations":[{"start":{"line":43,"column":31},"end":{"line":43,"column":35}},{"start":{"line":43,"column":38},"end":{"line":43,"column":42}}],"line":43},"1":{"loc":{"start":{"line":56,"column":22},"end":{"line":56,"column":44}},"type":"cond-expr","locations":[{"start":{"line":56,"column":33},"end":{"line":56,"column":37}},{"start":{"line":56,"column":40},"end":{"line":56,"column":44}}],"line":56},"2":{"loc":{"start":{"line":69,"column":20},"end":{"line":69,"column":51}},"type":"cond-expr","locations":[{"start":{"line":69,"column":31},"end":{"line":69,"column":35}},{"start":{"line":69,"column":38},"end":{"line":69,"column":51}}],"line":69}},"s":{"0":1,"1":0,"2":0,"3":0,"4":0,"5":0,"6":0,"7":0,"8":0,"9":0,"10":0,"11":0,"12":0,"13":0,"14":0,"15":0,"16":0,"17":0,"18":0,"19":0,"20":0,"21":0,"22":0},"f":{"0":0,"1":0,"2":0,"3":0,"4":0,"5":0,"6":0,"7":0,"8":0,"9":0,"10":0,"11":0,"12":0},"b":{"0":[0,0],"1":[0,0],"2":[0,0]},"_coverageSchema":"1a1c01bbd47fc00a2c39e90264f33305004495a9","hash":"d876c488340a3d04d06b440c03fc5a2e0bf4c499"}
,"C:\\Users\\vladv\\Documents\\apps\\awesome-web-editor\\src\\components\\Editor\\Elements\\Elements.tsx": {"path":"C:\\Users\\vladv\\Documents\\apps\\awesome-web-editor\\src\\components\\Editor\\Elements\\Elements.tsx","statementMap":{"0":{"start":{"line":3,"column":30},"end":{"line":5,"column":1}},"1":{"start":{"line":4,"column":4},"end":{"line":4,"column":56}},"2":{"start":{"line":7,"column":27},"end":{"line":13,"column":1}},"3":{"start":{"line":8,"column":4},"end":{"line":12,"column":5}}},"fnMap":{"0":{"name":"(anonymous_0)","decl":{"start":{"line":3,"column":30},"end":{"line":3,"column":31}},"loc":{"start":{"line":3,"column":46},"end":{"line":5,"column":1}},"line":3},"1":{"name":"(anonymous_1)","decl":{"start":{"line":7,"column":27},"end":{"line":7,"column":28}},"loc":{"start":{"line":7,"column":43},"end":{"line":13,"column":1}},"line":7}},"branchMap":{},"s":{"0":1,"1":1,"2":1,"3":1},"f":{"0":1,"1":1},"b":{},"_coverageSchema":"1a1c01bbd47fc00a2c39e90264f33305004495a9","hash":"da1e829fe0a66c9ce27b38e2871275995e6a4eba"}
,"C:\\Users\\vladv\\Documents\\apps\\awesome-web-editor\\src\\components\\Editor\\Leaf\\Leaf.tsx": {"path":"C:\\Users\\vladv\\Documents\\apps\\awesome-web-editor\\src\\components\\Editor\\Leaf\\Leaf.tsx","statementMap":{"0":{"start":{"line":3,"column":13},"end":{"line":14,"column":1}},"1":{"start":{"line":4,"column":22},"end":{"line":4,"column":61}},"2":{"start":{"line":5,"column":23},"end":{"line":5,"column":58}},"3":{"start":{"line":6,"column":4},"end":{"line":13,"column":5}}},"fnMap":{"0":{"name":"(anonymous_0)","decl":{"start":{"line":3,"column":13},"end":{"line":3,"column":14}},"loc":{"start":{"line":3,"column":29},"end":{"line":14,"column":1}},"line":3}},"branchMap":{"0":{"loc":{"start":{"line":4,"column":22},"end":{"line":4,"column":61}},"type":"cond-expr","locations":[{"start":{"line":4,"column":42},"end":{"line":4,"column":50}},{"start":{"line":4,"column":53},"end":{"line":4,"column":61}}],"line":4},"1":{"loc":{"start":{"line":5,"column":23},"end":{"line":5,"column":58}},"type":"cond-expr","locations":[{"start":{"line":5,"column":41},"end":{"line":5,"column":47}},{"start":{"line":5,"column":50},"end":{"line":5,"column":58}}],"line":5}},"s":{"0":2,"1":4,"2":4,"3":4},"f":{"0":4},"b":{"0":[3,1],"1":[3,1]},"_coverageSchema":"1a1c01bbd47fc00a2c39e90264f33305004495a9","hash":"82357c681ef38f79ff26a971e3e89b53a2c1adba"}
,"C:\\Users\\vladv\\Documents\\apps\\awesome-web-editor\\src\\components\\Editor\\Toolbar\\Toolbar.tsx": {"path":"C:\\Users\\vladv\\Documents\\apps\\awesome-web-editor\\src\\components\\Editor\\Toolbar\\Toolbar.tsx","statementMap":{"0":{"start":{"line":10,"column":16},"end":{"line":25,"column":1}},"1":{"start":{"line":11,"column":4},"end":{"line":24,"column":10}},"2":{"start":{"line":14,"column":34},"end":{"line":14,"column":82}},"3":{"start":{"line":18,"column":34},"end":{"line":18,"column":84}},"4":{"start":{"line":22,"column":34},"end":{"line":22,"column":83}}},"fnMap":{"0":{"name":"(anonymous_0)","decl":{"start":{"line":10,"column":16},"end":{"line":10,"column":17}},"loc":{"start":{"line":11,"column":4},"end":{"line":24,"column":10}},"line":11},"1":{"name":"(anonymous_1)","decl":{"start":{"line":14,"column":25},"end":{"line":14,"column":26}},"loc":{"start":{"line":14,"column":34},"end":{"line":14,"column":82}},"line":14},"2":{"name":"(anonymous_2)","decl":{"start":{"line":18,"column":25},"end":{"line":18,"column":26}},"loc":{"start":{"line":18,"column":34},"end":{"line":18,"column":84}},"line":18},"3":{"name":"(anonymous_3)","decl":{"start":{"line":22,"column":25},"end":{"line":22,"column":26}},"loc":{"start":{"line":22,"column":34},"end":{"line":22,"column":83}},"line":22}},"branchMap":{},"s":{"0":1,"1":1,"2":0,"3":0,"4":0},"f":{"0":1,"1":0,"2":0,"3":0},"b":{},"_coverageSchema":"1a1c01bbd47fc00a2c39e90264f33305004495a9","hash":"ac8727fec9cdc7494045b99fd02c6acd0381cae1"}
,"C:\\Users\\vladv\\Documents\\apps\\awesome-web-editor\\src\\components\\InfoBar\\InfoBar.tsx": {"path":"C:\\Users\\vladv\\Documents\\apps\\awesome-web-editor\\src\\components\\InfoBar\\InfoBar.tsx","statementMap":{"0":{"start":{"line":3,"column":16},"end":{"line":9,"column":1}},"1":{"start":{"line":4,"column":4},"end":{"line":8,"column":10}}},"fnMap":{"0":{"name":"(anonymous_0)","decl":{"start":{"line":3,"column":16},"end":{"line":3,"column":17}},"loc":{"start":{"line":4,"column":4},"end":{"line":8,"column":10}},"line":4}},"branchMap":{},"s":{"0":1,"1":1},"f":{"0":1},"b":{},"_coverageSchema":"1a1c01bbd47fc00a2c39e90264f33305004495a9","hash":"3d9e2bf338ea714e5fde3e83c9156621d39a4d7c"}
,"C:\\Users\\vladv\\Documents\\apps\\awesome-web-editor\\src\\data\\enums\\enums.ts": {"path":"C:\\Users\\vladv\\Documents\\apps\\awesome-web-editor\\src\\data\\enums\\enums.ts","statementMap":{},"fnMap":{},"branchMap":{},"s":{},"f":{},"b":{},"_coverageSchema":"1a1c01bbd47fc00a2c39e90264f33305004495a9","hash":"07bfc47b9b6d2b20268c9417d9b3608c9e46c0e5"}
,"C:\\Users\\vladv\\Documents\\apps\\awesome-web-editor\\src\\data\\slateValue\\slateInitValue.ts": {"path":"C:\\Users\\vladv\\Documents\\apps\\awesome-web-editor\\src\\data\\slateValue\\slateInitValue.ts","statementMap":{"0":{"start":{"line":1,"column":28},"end":{"line":8,"column":1}}},"fnMap":{},"branchMap":{},"s":{"0":1},"f":{},"b":{},"_coverageSchema":"1a1c01bbd47fc00a2c39e90264f33305004495a9","hash":"18c957c249fd1c3a610d7f3e24e144462c375150"}
}
