TN:
SF:src\components\Editor\Editor.tsx
FN:12,(anonymous_0)
FN:13,(anonymous_1)
FN:19,(anonymous_2)
FN:29,(anonymous_3)
FN:33,(anonymous_4)
FN:64,(anonymous_5)
FNF:6
FNH:2
FNDA:1,(anonymous_0)
FNDA:1,(anonymous_1)
FNDA:0,(anonymous_2)
FNDA:0,(anonymous_3)
FNDA:0,(anonymous_4)
FNDA:0,(anonymous_5)
DA:12,1
DA:13,1
DA:14,1
DA:16,1
DA:17,1
DA:19,1
DA:20,0
DA:22,0
DA:24,0
DA:29,1
DA:30,0
DA:33,1
DA:34,0
DA:35,0
DA:37,0
DA:38,0
DA:41,0
DA:42,0
DA:45,0
DA:46,0
DA:50,0
DA:52,0
DA:53,0
DA:59,1
DA:64,0
LF:25
LH:9
BRDA:20,0,0,0
BRDA:20,0,1,0
BRDA:34,1,0,0
BRDA:34,1,1,0
BRDA:35,2,0,0
BRDA:35,2,1,0
BRDA:35,2,2,0
BRDA:50,3,0,0
BRF:8
BRH:0
end_of_record
TN:
SF:src\components\Editor\CustomEditor\CustomEditor.tsx
FN:9,(anonymous_0)
FN:11,(anonymous_1)
FN:18,(anonymous_2)
FN:20,(anonymous_3)
FN:27,(anonymous_4)
FN:29,(anonymous_5)
FN:35,(anonymous_6)
FN:44,(anonymous_7)
FN:48,(anonymous_8)
FN:57,(anonymous_9)
FN:61,(anonymous_10)
FN:70,(anonymous_11)
FN:74,(anonymous_12)
FNF:13
FNH:0
FNDA:0,(anonymous_0)
FNDA:0,(anonymous_1)
FNDA:0,(anonymous_2)
FNDA:0,(anonymous_3)
FNDA:0,(anonymous_4)
FNDA:0,(anonymous_5)
FNDA:0,(anonymous_6)
FNDA:0,(anonymous_7)
FNDA:0,(anonymous_8)
FNDA:0,(anonymous_9)
FNDA:0,(anonymous_10)
FNDA:0,(anonymous_11)
FNDA:0,(anonymous_12)
DA:6,1
DA:10,0
DA:11,0
DA:15,0
DA:19,0
DA:20,0
DA:24,0
DA:28,0
DA:29,0
DA:32,0
DA:39,0
DA:40,0
DA:41,0
DA:44,0
DA:52,0
DA:53,0
DA:54,0
DA:57,0
DA:65,0
DA:66,0
DA:67,0
DA:70,0
DA:75,0
LF:23
LH:1
BRDA:43,0,0,0
BRDA:43,0,1,0
BRDA:56,1,0,0
BRDA:56,1,1,0
BRDA:69,2,0,0
BRDA:69,2,1,0
BRF:6
BRH:0
end_of_record
TN:
SF:src\components\Editor\Elements\Elements.tsx
FN:3,(anonymous_0)
FN:7,(anonymous_1)
FNF:2
FNH:2
FNDA:1,(anonymous_0)
FNDA:1,(anonymous_1)
DA:3,1
DA:4,1
DA:7,1
DA:8,1
LF:4
LH:4
BRF:0
BRH:0
end_of_record
TN:
SF:src\components\Editor\Leaf\Leaf.tsx
FN:3,(anonymous_0)
FNF:1
FNH:1
FNDA:4,(anonymous_0)
DA:3,2
DA:4,4
DA:5,4
DA:6,4
LF:4
LH:4
BRDA:4,0,0,3
BRDA:4,0,1,1
BRDA:5,1,0,3
BRDA:5,1,1,1
BRF:4
BRH:4
end_of_record
TN:
SF:src\components\Editor\Toolbar\Toolbar.tsx
FN:10,(anonymous_0)
FN:14,(anonymous_1)
FN:18,(anonymous_2)
FN:22,(anonymous_3)
FNF:4
FNH:1
FNDA:1,(anonymous_0)
FNDA:0,(anonymous_1)
FNDA:0,(anonymous_2)
FNDA:0,(anonymous_3)
DA:10,1
DA:11,1
DA:14,0
DA:18,0
DA:22,0
LF:5
LH:2
BRF:0
BRH:0
end_of_record
TN:
SF:src\components\InfoBar\InfoBar.tsx
FN:3,(anonymous_0)
FNF:1
FNH:1
FNDA:1,(anonymous_0)
DA:3,1
DA:4,1
LF:2
LH:2
BRF:0
BRH:0
end_of_record
TN:
SF:src\data\enums\enums.ts
FNF:0
FNH:0
LF:0
LH:0
BRF:0
BRH:0
end_of_record
TN:
SF:src\data\slateValue\slateInitValue.ts
FNF:0
FNH:0
DA:1,1
LF:1
LH:1
BRF:0
BRH:0
end_of_record
